2013-10-10 14:33:50 Error: [MissingControllerException] Controller class CakeInstallController could not be found.
Exception Attributes: array (
  'class' => 'CakeInstallController',
  'plugin' => NULL,
)
Request URL: /flowing-hours/cake_install
Stack Trace:
#0 C:\wamp\www\flowing-hours\app\webroot\index.php(110): Dispatcher->dispatch(Object(CakeRequest), Object(CakeResponse))
#1 {main}
2013-10-10 14:41:04 Error: [MissingControllerException] Controller class CakeInstallController could not be found.
Exception Attributes: array (
  'class' => 'CakeInstallController',
  'plugin' => NULL,
)
Request URL: /flowing-hours/cake_install/
Stack Trace:
#0 C:\wamp\www\flowing-hours\app\webroot\index.php(110): Dispatcher->dispatch(Object(CakeRequest), Object(CakeResponse))
#1 {main}
2013-10-10 14:42:26 Error: [MissingActionException] Action CakeInstallController::index() could not be found.
Exception Attributes: array (
  'controller' => 'CakeInstallController',
  'action' => 'index',
)
Request URL: /flowing-hours/cake_install/
Stack Trace:
#0 C:\wamp\www\flowing-hours\lib\Cake\Routing\Dispatcher.php(187): Controller->invokeAction(Object(CakeRequest))
#1 C:\wamp\www\flowing-hours\lib\Cake\Routing\Dispatcher.php(162): Dispatcher->_invoke(Object(CakeInstallController), Object(CakeRequest), Object(CakeResponse))
#2 C:\wamp\www\flowing-hours\app\webroot\index.php(110): Dispatcher->dispatch(Object(CakeRequest), Object(CakeResponse))
#3 {main}
2013-10-10 14:42:37 Error: [MissingViewException] View file "C:\wamp\www\flowing-hours\app\View\CakeInstall\index.ctp" is missing.
Exception Attributes: array (
  'file' => 'C:\\wamp\\www\\flowing-hours\\app\\View\\CakeInstall\\index.ctp',
)
Request URL: /flowing-hours/cake_install/
Stack Trace:
#0 C:\wamp\www\flowing-hours\lib\Cake\View\View.php(459): View->_getViewFileName(NULL)
#1 C:\wamp\www\flowing-hours\lib\Cake\Controller\Controller.php(952): View->render(NULL, NULL)
#2 C:\wamp\www\flowing-hours\lib\Cake\Routing\Dispatcher.php(194): Controller->render()
#3 C:\wamp\www\flowing-hours\lib\Cake\Routing\Dispatcher.php(162): Dispatcher->_invoke(Object(CakeInstallController), Object(CakeRequest), Object(CakeResponse))
#4 C:\wamp\www\flowing-hours\app\webroot\index.php(110): Dispatcher->dispatch(Object(CakeRequest), Object(CakeResponse))
#5 {main}
